Using pre-set license
Built from '2020.3/staging' branch; Version is '2020.3.21f1 (a38c86f6690f) revision 10718342'; Using compiler version '192528614'; Build Type 'Release'
OS: 'Windows 10 Home; OS build 19042.1348; Version 2009; 64bit' Language: 'en' Physical Memory: 16303 MB
BatchMode: 1, IsHumanControllingUs: 0, StartBugReporterOnCrash: 0, Is64bit: 1, IsPro: 0

COMMAND LINE ARGUMENTS:
C:\Program Files\Unity\Hub\Editor\2020.3.21f1\Editor\Unity.exe
-adb2
-batchMode
-noUpm
-name
AssetImportWorker1
-projectPath
C:/Users/e9255/OneDrive/Desktop/Unity project/VR-Rig---Demo
-logFile
Logs/AssetImportWorker1.log
-srvPort
52299
Successfully changed project path to: C:/Users/e9255/OneDrive/Desktop/Unity project/VR-Rig---Demo
C:/Users/e9255/OneDrive/Desktop/Unity project/VR-Rig---Demo
Using Asset Import Pipeline V2.
Refreshing native plugins compatible for Editor in 90.88 ms, found 8 plugins.
Preloading 1 native plugins for Editor in 1.21 ms.
Initialize engine version: 2020.3.21f1 (a38c86f6690f)
[Subsystems] Discovering subsystems at path C:/Program Files/Unity/Hub/Editor/2020.3.21f1/Editor/Data/Resources/UnitySubsystems
[Subsystems] Discovering subsystems at path C:/Users/e9255/OneDrive/Desktop/Unity project/VR-Rig---Demo/Assets
GfxDevice: creating device client; threaded=0
Direct3D:
    Version:  Direct3D 11.0 [level 11.1]
    Renderer: NVIDIA GeForce GTX 1660 Ti (ID=0x2191)
    Vendor:   
    VRAM:     5991 MB
    Driver:   30.0.14.9613
Initialize mono
Mono path[0] = 'C:/Program Files/Unity/Hub/Editor/2020.3.21f1/Editor/Data/Managed'
Mono path[1] = 'C:/Program Files/Unity/Hub/Editor/2020.3.21f1/Editor/Data/MonoBleedingEdge/lib/mono/unityjit'
Mono config path = 'C:/Program Files/Unity/Hub/Editor/2020.3.21f1/Editor/Data/MonoBleedingEdge/etc'
Using monoOptions --debugger-agent=transport=dt_socket,embedding=1,server=y,suspend=n,address=127.0.0.1:56792
Begin MonoManager ReloadAssembly
Registering precompiled unity dll's ...
Register platform support module: C:/Program Files/Unity/Hub/Editor/2020.3.21f1/Editor/Data/PlaybackEngines/WebGLSupport/UnityEditor.WebGL.Extensions.dll
Register platform support module: C:/Program Files/Unity/Hub/Editor/2020.3.21f1/Editor/Data/PlaybackEngines/MacStandaloneSupport/UnityEditor.OSXStandalone.Extensions.dll
Register platform support module: C:/Program Files/Unity/Hub/Editor/2020.3.21f1/Editor/Data/PlaybackEngines/WindowsStandaloneSupport/UnityEditor.WindowsStandalone.Extensions.dll
Registered in 0.003555 seconds.
Native extension for WindowsStandalone target not found
Native extension for OSXStandalone target not found
Native extension for WebGL target not found
Refreshing native plugins compatible for Editor in 71.66 ms, found 8 plugins.
Preloading 1 native plugins for Editor in 0.08 ms.
Mono: successfully reloaded assembly
- Completed reload, in  2.558 seconds
Domain Reload Profiling:
	ReloadAssembly (2558ms)
		BeginReloadAssembly (78ms)
			ExecutionOrderSort (0ms)
			DisableScriptedObjects (0ms)
			BackupInstance (0ms)
			ReleaseScriptingObjects (0ms)
			CreateAndSetChildDomain (1ms)
		EndReloadAssembly (603ms)
			LoadAssemblies (75ms)
			RebuildTransferFunctionScriptingTraits (0ms)
			SetupTypeCache (209ms)
			ReleaseScriptCaches (0ms)
			RebuildScriptCaches (35ms)
			SetupLoadedEditorAssemblies (238ms)
				LogAssemblyErrors (0ms)
				InitializePlatformSupportModulesInManaged (5ms)
				SetLoadedEditorAssemblies (0ms)
				RefreshPlugins (72ms)
				BeforeProcessingInitializeOnLoad (20ms)
				ProcessInitializeOnLoadAttributes (107ms)
				ProcessInitializeOnLoadMethodAttributes (34ms)
				AfterProcessingInitializeOnLoad (0ms)
				EditorAssembliesLoaded (0ms)
			ExecutionOrderSort2 (0ms)
			AwakeInstancesAfterBackupRestoration (0ms)
Platform modules already initialized, skipping
Registering precompiled user dll's ...
Registered in 0.009933 seconds.
Begin MonoManager ReloadAssembly
Native extension for WindowsStandalone target not found
Native extension for OSXStandalone target not found
Native extension for WebGL target not found
Refreshing native plugins compatible for Editor in 91.48 ms, found 8 plugins.
Preloading 1 native plugins for Editor in 0.15 ms.
[XR] OculusXRPlugin: registering subsystems
[XR] Unable to register display lifecyle provider: [1]
[XR] Oculus Input lifecycle provider registered.
[XR] Unable to register input lifecyle provider: [1]
System.Reflection.TargetInvocationException: Exception has been thrown by the target of an invocation. ---> System.NullReferenceException: Object reference not set to an instance of an object
  at Unity.XR.Oculus.OculusLoader.AssetPathToAbsolutePath (System.String assetPath) [0x00048] in C:\Users\e9255\OneDrive\Desktop\Unity project\VR-Rig---Demo\Library\PackageCache\com.unity.xr.oculus@1.10.0\Runtime\OculusLoader.cs:250 
  at Unity.XR.Oculus.OculusLoader.EditorLoadOVRPlugin () [0x0007b] in C:\Users\e9255\OneDrive\Desktop\Unity project\VR-Rig---Demo\Library\PackageCache\com.unity.xr.oculus@1.10.0\Runtime\OculusLoader.cs:235 
  at (wrapper managed-to-native) System.Reflection.MonoMethod.InternalInvoke(System.Reflection.MonoMethod,object,object[],System.Exception&)
  at System.Reflection.MonoMethod.Invoke (System.Object obj, System.Reflection.BindingFlags invokeAttr, System.Reflection.Binder binder, System.Object[] parameters, System.Globalization.CultureInfo culture) [0x00032] in <695d1cc93cca45069c528c15c9fdd749>:0 
   --- End of inner exception stack trace ---
  at System.Reflection.MonoMethod.Invoke (System.Object obj, System.Reflection.BindingFlags invokeAttr, System.Reflection.Binder binder, System.Object[] parameters, System.Globalization.CultureInfo culture) [0x00048] in <695d1cc93cca45069c528c15c9fdd749>:0 
  at System.Reflection.MethodBase.Invoke (System.Object obj, System.Object[] parameters) [0x00000] in <695d1cc93cca45069c528c15c9fdd749>:0 
  at UnityEditor.EditorAssemblies.ProcessInitializeOnLoadMethodAttributes () [0x00047] in <208f92fc783546f9abbe643bfc23920c>:0 
UnityEngine.StackTraceUtility:ExtractStackTrace ()
UnityEngine.DebugLogHandler:LogFormat (UnityEngine.LogType,UnityEngine.Object,string,object[])
UnityEngine.Logger:Log (UnityEngine.LogType,object)
UnityEngine.Debug:LogError (object)
UnityEditor.EditorAssemblies:ProcessInitializeOnLoadMethodAttributes ()

Mono: successfully reloaded assembly
- Completed reload, in  4.715 seconds
Domain Reload Profiling:
	ReloadAssembly (4721ms)
		BeginReloadAssembly (177ms)
			ExecutionOrderSort (0ms)
			DisableScriptedObjects (8ms)
			BackupInstance (0ms)
			ReleaseScriptingObjects (0ms)
			CreateAndSetChildDomain (22ms)
		EndReloadAssembly (4463ms)
			LoadAssemblies (3370ms)
			RebuildTransferFunctionScriptingTraits (0ms)
			SetupTypeCache (340ms)
			ReleaseScriptCaches (1ms)
			RebuildScriptCaches (79ms)
			SetupLoadedEditorAssemblies (492ms)
				LogAssemblyErrors (0ms)
				InitializePlatformSupportModulesInManaged (8ms)
				SetLoadedEditorAssemblies (0ms)
				RefreshPlugins (92ms)
				BeforeProcessingInitializeOnLoad (134ms)
				ProcessInitializeOnLoadAttributes (233ms)
				ProcessInitializeOnLoadMethodAttributes (17ms)
				AfterProcessingInitializeOnLoad (8ms)
				EditorAssembliesLoaded (0ms)
			ExecutionOrderSort2 (0ms)
			AwakeInstancesAfterBackupRestoration (7ms)
Platform modules already initialized, skipping
========================================================================
Worker process is ready to serve import requests
Launched and connected shader compiler UnityShaderCompiler.exe after 0.15 seconds
Refreshing native plugins compatible for Editor in 1.13 ms, found 8 plugins.
Preloading 1 native plugins for Editor in 0.12 ms.
Unloading 2939 Unused Serialized files (Serialized files now loaded: 0)
System memory in use before: 138.0 MB.
System memory in use after: 138.2 MB.

Unloading 31 unused Assets to reduce memory usage. Loaded Objects now: 3394.
Total: 4.407500 ms (FindLiveObjects: 0.299100 ms CreateObjectMapping: 0.165500 ms MarkObjects: 3.834900 ms  DeleteObjects: 0.106700 ms)

AssetImportParameters requested are different than current active one (requested -> active):
  custom:framework-win-MediaFoundation: 216162199b28c13a410421893ffa2e32 -> 
  custom:video-decoder-ogg-theora: a1e56fd34408186e4bbccfd4996cb3dc -> 
  custom:container-muxer-webm: aa71ff27fc2769a1b78a27578f13a17b -> 
  custom:container-demuxer-webm: 4f35f7cbe854078d1ac9338744f61a02 -> 
  custom:container-demuxer-ogg: 62fdf1f143b41e24485cea50d1cbac27 -> 
  custom:video-encoder-webm-vp8: eb34c28f22e8b96e1ab97ce403110664 -> 
  custom:video-decoder-webm-vp8: 9c59270c3fd7afecdb556c50c9e8de78 -> 
  custom:audio-decoder-ogg-vorbis: bf7c407c2cedff20999df2af8eb42d56 -> 
  custom:audio-encoder-webm-vorbis: bf7c407c2cedff20999df2af8eb42d56 -> 
========================================================================
Received Import Request.
  path: Assets/Mats/New Material.mat
  artifactKey: Guid(1ba6e228c3d3a4654884ad95f939feb2) Importer(815301076,1909f56bfc062723c751e8b465ee728b)
Start importing Assets/Mats/New Material.mat using Guid(1ba6e228c3d3a4654884ad95f939feb2) Importer(815301076,1909f56bfc062723c751e8b465ee728b)  -> (artifact id: 'f14647fb8224c667c486266cc1c2c603') in 0.309190 seconds 
  Import took 0.315505 seconds .

========================================================================
Received Import Request.
  Time since last request: 0.000337 seconds.
  path: Assets/Scenes/Level2.unity
  artifactKey: Guid(a14887e9f15b53a4dba65240cb0d27c6) Importer(815301076,1909f56bfc062723c751e8b465ee728b)
Start importing Assets/Scenes/Level2.unity using Guid(a14887e9f15b53a4dba65240cb0d27c6) Importer(815301076,1909f56bfc062723c751e8b465ee728b)  -> (artifact id: 'bdd0c3391c318fb2543349bf62dd02d4') in 0.012774 seconds 
  Import took 0.020757 seconds .

========================================================================
Received Import Request.
  Time since last request: 0.000244 seconds.
  path: Assets/Mats/New Material 1.mat
  artifactKey: Guid(6bb1f7dfadb7b4dd3bbb8b01e065f36e) Importer(815301076,1909f56bfc062723c751e8b465ee728b)
Start importing Assets/Mats/New Material 1.mat using Guid(6bb1f7dfadb7b4dd3bbb8b01e065f36e) Importer(815301076,1909f56bfc062723c751e8b465ee728b)  -> (artifact id: '1041bef471c3df1e6e6d9835553769ad') in 0.034176 seconds 
  Import took 0.042107 seconds .

========================================================================
Received Import Request.
  Time since last request: 8.098112 seconds.
  path: Assets/Scenes/Level1.unity
  artifactKey: Guid(9fc0d4010bbf28b4594072e72b8655ab) Importer(815301076,1909f56bfc062723c751e8b465ee728b)
Start importing Assets/Scenes/Level1.unity using Guid(9fc0d4010bbf28b4594072e72b8655ab) Importer(815301076,1909f56bfc062723c751e8b465ee728b)  -> (artifact id: 'c6f3ecb5d273086177d5f26f14a275ed') in 0.010544 seconds 
  Import took 0.017398 seconds .

========================================================================
Received Import Request.
  Time since last request: 97.021449 seconds.
  path: Assets/XR/chimney.obj
  artifactKey: Guid(9cd246de90e094d40a7e97be70e6d44c) Importer(815301076,1909f56bfc062723c751e8b465ee728b)
Start importing Assets/XR/chimney.obj using Guid(9cd246de90e094d40a7e97be70e6d44c) Importer(815301076,1909f56bfc062723c751e8b465ee728b)  -> (artifact id: 'fddc119ce2fe4b7fef6bfe33d2878dd9') in 0.136716 seconds 
  Import took 0.144574 seconds .

========================================================================
Received Import Request.
  Time since last request: 0.000349 seconds.
  path: Assets/XR/pockey_stick.obj
  artifactKey: Guid(f0fda614096969a40b924341e7bac2da) Importer(815301076,1909f56bfc062723c751e8b465ee728b)
Start importing Assets/XR/pockey_stick.obj using Guid(f0fda614096969a40b924341e7bac2da) Importer(815301076,1909f56bfc062723c751e8b465ee728b)  -> (artifact id: '78efcdaee5f309a11a547731398b6f5e') in 0.039523 seconds 
  Import took 0.046657 seconds .

========================================================================
Received Import Request.
  Time since last request: 0.000363 seconds.
  path: Assets/XR/snowhead_bttom.obj
  artifactKey: Guid(c56b3f9f0019289458934649ad01b2bb) Importer(815301076,1909f56bfc062723c751e8b465ee728b)
Start importing Assets/XR/snowhead_bttom.obj using Guid(c56b3f9f0019289458934649ad01b2bb) Importer(815301076,1909f56bfc062723c751e8b465ee728b)  -> (artifact id: '1840f935d942e64682342664db024d7b') in 0.037198 seconds 
  Import took 0.042567 seconds .

========================================================================
Received Import Request.
  Time since last request: 0.000317 seconds.
  path: Assets/XR/snowman_house 1.obj
  artifactKey: Guid(01994187aa79bec4499b421ac3da4ccd) Importer(815301076,1909f56bfc062723c751e8b465ee728b)
Start importing Assets/XR/snowman_house 1.obj using Guid(01994187aa79bec4499b421ac3da4ccd) Importer(815301076,1909f56bfc062723c751e8b465ee728b)  -> (artifact id: 'e0a601113f84849b22e72ce556cd023a') in 0.079918 seconds 
  Import took 0.087157 seconds .

========================================================================
Received Import Request.
  Time since last request: 0.000335 seconds.
  path: Assets/XR/snowhead_top.obj
  artifactKey: Guid(b3f8112dee8696f49a627f246f19aab4) Importer(815301076,1909f56bfc062723c751e8b465ee728b)
Start importing Assets/XR/snowhead_top.obj using Guid(b3f8112dee8696f49a627f246f19aab4) Importer(815301076,1909f56bfc062723c751e8b465ee728b)  -> (artifact id: '08eb9f010013ae1cca1447c668513ed2') in 0.035165 seconds 
  Import took 0.042201 seconds .

========================================================================
Received Import Request.
  Time since last request: 0.000294 seconds.
  path: Assets/XR/gingerbreadHouse_whiteTop.obj
  artifactKey: Guid(4bfd9df5fa104914680398da297e269a) Importer(815301076,1909f56bfc062723c751e8b465ee728b)
Start importing Assets/XR/gingerbreadHouse_whiteTop.obj using Guid(4bfd9df5fa104914680398da297e269a) Importer(815301076,1909f56bfc062723c751e8b465ee728b)  -> (artifact id: '9d562b206b5cf8802a8fcc51f8d3bba1') in 0.046554 seconds 
  Import took 0.053035 seconds .

========================================================================
Received Import Request.
  Time since last request: 0.000265 seconds.
  path: Assets/XR/ground.obj
  artifactKey: Guid(d5ad2efafa728304895d18b5b26af55b) Importer(815301076,1909f56bfc062723c751e8b465ee728b)
Start importing Assets/XR/ground.obj using Guid(d5ad2efafa728304895d18b5b26af55b) Importer(815301076,1909f56bfc062723c751e8b465ee728b)  -> (artifact id: 'df16f6b322cbad410d4386af21ede62d') in 0.035032 seconds 
  Import took 0.041409 seconds .

========================================================================
Received Import Request.
  Time since last request: 0.000339 seconds.
  path: Assets/XR/gingerbreadHouse.obj
  artifactKey: Guid(3a948083de3d40b4fb8dcd735deaf25d) Importer(815301076,1909f56bfc062723c751e8b465ee728b)
Start importing Assets/XR/gingerbreadHouse.obj using Guid(3a948083de3d40b4fb8dcd735deaf25d) Importer(815301076,1909f56bfc062723c751e8b465ee728b)  -> (artifact id: '1f7c2673b0610f30bfc5086e80549637') in 0.038567 seconds 
  Import took 0.044763 seconds .

========================================================================
Received Import Request.
  Time since last request: 0.000268 seconds.
  path: Assets/XR/fence.obj
  artifactKey: Guid(eda55f86bc3c99e4186c643bc4d437b7) Importer(815301076,1909f56bfc062723c751e8b465ee728b)
Start importing Assets/XR/fence.obj using Guid(eda55f86bc3c99e4186c643bc4d437b7) Importer(815301076,1909f56bfc062723c751e8b465ee728b)  -> (artifact id: 'd4c51ec0151f3bf40b1f244e5964e1ea') in 0.037084 seconds 
  Import took 0.043472 seconds .

========================================================================
Received Import Request.
  Time since last request: 0.000298 seconds.
  path: Assets/XR/snomanface 1.obj
  artifactKey: Guid(5528b2aa812318040a2c0358b8937d8b) Importer(815301076,1909f56bfc062723c751e8b465ee728b)
Start importing Assets/XR/snomanface 1.obj using Guid(5528b2aa812318040a2c0358b8937d8b) Importer(815301076,1909f56bfc062723c751e8b465ee728b)  -> (artifact id: '9724416b4930ae96fffafa16d0c87e2b') in 0.037572 seconds 
  Import took 0.043903 seconds .

========================================================================
Received Import Request.
  Time since last request: 0.000310 seconds.
  path: Assets/XR/snowHAT.obj
  artifactKey: Guid(dcb68cfde73019742bb407478af01f2e) Importer(815301076,1909f56bfc062723c751e8b465ee728b)
Start importing Assets/XR/snowHAT.obj using Guid(dcb68cfde73019742bb407478af01f2e) Importer(815301076,1909f56bfc062723c751e8b465ee728b)  -> (artifact id: '4307058b3e48dacd3e866747a571fd6a') in 0.036575 seconds 
  Import took 0.042996 seconds .

========================================================================
Received Import Request.
  Time since last request: 64.320598 seconds.
  path: Assets/Prefabs/snowhead_bttom.mtl
  artifactKey: Guid(c8a7bacbaf1a58b46a3b5e55efaac597) Importer(815301076,1909f56bfc062723c751e8b465ee728b)
Start importing Assets/Prefabs/snowhead_bttom.mtl using Guid(c8a7bacbaf1a58b46a3b5e55efaac597) Importer(815301076,1909f56bfc062723c751e8b465ee728b)  -> (artifact id: '900e8a9ffb91667a661dd877fc2a5b4a') in 0.009064 seconds 
  Import took 0.016083 seconds .

========================================================================
Received Import Request.
  Time since last request: 110.397736 seconds.
  path: Assets/XR/Loaders/Oculus Loader.asset
  artifactKey: Guid(02c8bcd2eb8ca3148ad83a8a617b696d) Importer(815301076,1909f56bfc062723c751e8b465ee728b)
Start importing Assets/XR/Loaders/Oculus Loader.asset using Guid(02c8bcd2eb8ca3148ad83a8a617b696d) Importer(815301076,1909f56bfc062723c751e8b465ee728b)  -> (artifact id: 'cc05f813132bb920bf29a8885ddb73f0') in 0.011240 seconds 
  Import took 0.029426 seconds .

========================================================================
Received Import Request.
  Time since last request: 0.000367 seconds.
  path: Assets/XR/Loaders/Open XR Loader No Pre Init.asset
  artifactKey: Guid(192802e95bc8a41419d847bf366e1eba) Importer(815301076,1909f56bfc062723c751e8b465ee728b)
Start importing Assets/XR/Loaders/Open XR Loader No Pre Init.asset using Guid(192802e95bc8a41419d847bf366e1eba) Importer(815301076,1909f56bfc062723c751e8b465ee728b) [XR] Error loading subsystem: Display (1) (header mismatch?)
 -> (artifact id: '935a1fd49732c2c37c2beca40960e43b') in 0.022971 seconds 
  Import took 0.030495 seconds .

========================================================================
Received Import Request.
  Time since last request: 0.000757 seconds.
  path: Assets/XR/Loaders/Open XR Loader.asset
  artifactKey: Guid(e2ee1d3735a6f484594934ac9f2fba55) Importer(815301076,1909f56bfc062723c751e8b465ee728b)
Start importing Assets/XR/Loaders/Open XR Loader.asset using Guid(e2ee1d3735a6f484594934ac9f2fba55) Importer(815301076,1909f56bfc062723c751e8b465ee728b)  -> (artifact id: '2c5534a4ac545e0100a130127449d9c3') in 0.018712 seconds 
  Import took 0.027137 seconds .

========================================================================
Received Import Request.
  Time since last request: 4.800216 seconds.
  path: Assets/XR/Settings/Oculus Settings.asset
  artifactKey: Guid(fac34b3c40d7f574da6fc445e9394267) Importer(815301076,1909f56bfc062723c751e8b465ee728b)
Start importing Assets/XR/Settings/Oculus Settings.asset using Guid(fac34b3c40d7f574da6fc445e9394267) Importer(815301076,1909f56bfc062723c751e8b465ee728b)  -> (artifact id: '3433f6159cece2e4b80a90eeff81e990') in 0.040524 seconds 
  Import took 0.047357 seconds .

========================================================================
Received Import Request.
  Time since last request: 0.000398 seconds.
  path: Assets/XR/Settings/OpenXR Editor Settings.asset
  artifactKey: Guid(af5d7c7ae8313194e92af4c2489fe24f) Importer(815301076,1909f56bfc062723c751e8b465ee728b)
Start importing Assets/XR/Settings/OpenXR Editor Settings.asset using Guid(af5d7c7ae8313194e92af4c2489fe24f) Importer(815301076,1909f56bfc062723c751e8b465ee728b)  -> (artifact id: '0171ffb2027726af3270d795b7fbdcca') in 0.018234 seconds 
  Import took 0.024805 seconds .

========================================================================
Received Import Request.
  Time since last request: 3.037010 seconds.
  path: Assets/XR/Loaders
  artifactKey: Guid(e54a45e1f1cce354c9e6979a45c4daed) Importer(815301076,1909f56bfc062723c751e8b465ee728b)
Start importing Assets/XR/Loaders using Guid(e54a45e1f1cce354c9e6979a45c4daed) Importer(815301076,1909f56bfc062723c751e8b465ee728b)  -> (artifact id: '23eecdc9ff87e22bd9598a3a0e45b859') in 0.008949 seconds 
  Import took 0.017109 seconds .

========================================================================
Received Import Request.
  Time since last request: 6.187206 seconds.
  path: Assets/XR/Settings
  artifactKey: Guid(e087694d1b7b0d34f821a1a769615916) Importer(815301076,1909f56bfc062723c751e8b465ee728b)
Start importing Assets/XR/Settings using Guid(e087694d1b7b0d34f821a1a769615916) Importer(815301076,1909f56bfc062723c751e8b465ee728b)  -> (artifact id: '4f479bb0b73edb57faa0e9cea7802081') in 0.008360 seconds 
  Import took 0.037739 seconds .

========================================================================
Received Import Request.
  Time since last request: 10.763122 seconds.
  path: Assets/XR/Settings/Oculus Settings.asset
  artifactKey: Guid(fac34b3c40d7f574da6fc445e9394267) Importer(815301076,1909f56bfc062723c751e8b465ee728b)
Start importing Assets/XR/Settings/Oculus Settings.asset using Guid(fac34b3c40d7f574da6fc445e9394267) Importer(815301076,1909f56bfc062723c751e8b465ee728b)  -> (artifact id: 'c2a301c8e41d98f083691d5fd1aa3557') in 0.006448 seconds 
  Import took 0.035655 seconds .

========================================================================
Received Import Request.
  Time since last request: 0.000475 seconds.
  path: Assets/XR/Settings/Open XR Package Settings.asset
  artifactKey: Guid(1711979a96045874cb0be982ff77b6f6) Importer(815301076,1909f56bfc062723c751e8b465ee728b)
Start importing Assets/XR/Settings/Open XR Package Settings.asset using Guid(1711979a96045874cb0be982ff77b6f6) Importer(815301076,1909f56bfc062723c751e8b465ee728b)  -> (artifact id: '0a9c1f8d8e4b5d8425b0dbf52496e3e8') in 0.011195 seconds 
  Import took 0.017286 seconds .

========================================================================
Received Prepare
Registering precompiled user dll's ...
Registered in 0.007549 seconds.
Begin MonoManager ReloadAssembly
Native extension for WindowsStandalone target not found
Native extension for OSXStandalone target not found
Native extension for WebGL target not found
Refreshing native plugins compatible for Editor in 0.89 ms, found 8 plugins.
Preloading 1 native plugins for Editor in 0.12 ms.
System.Reflection.TargetInvocationException: Exception has been thrown by the target of an invocation. ---> System.NullReferenceException: Object reference not set to an instance of an object
  at Unity.XR.Oculus.OculusLoader.AssetPathToAbsolutePath (System.String assetPath) [0x00048] in C:\Users\e9255\OneDrive\Desktop\Unity project\VR-Rig---Demo\Library\PackageCache\com.unity.xr.oculus@1.10.0\Runtime\OculusLoader.cs:250 
  at Unity.XR.Oculus.OculusLoader.EditorLoadOVRPlugin () [0x0007b] in C:\Users\e9255\OneDrive\Desktop\Unity project\VR-Rig---Demo\Library\PackageCache\com.unity.xr.oculus@1.10.0\Runtime\OculusLoader.cs:235 
  at (wrapper managed-to-native) System.Reflection.MonoMethod.InternalInvoke(System.Reflection.MonoMethod,object,object[],System.Exception&)
  at System.Reflection.MonoMethod.Invoke (System.Object obj, System.Reflection.BindingFlags invokeAttr, System.Reflection.Binder binder, System.Object[] parameters, System.Globalization.CultureInfo culture) [0x00032] in <695d1cc93cca45069c528c15c9fdd749>:0 
   --- End of inner exception stack trace ---
  at System.Reflection.MonoMethod.Invoke (System.Object obj, System.Reflection.BindingFlags invokeAttr, System.Reflection.Binder binder, System.Object[] parameters, System.Globalization.CultureInfo culture) [0x00048] in <695d1cc93cca45069c528c15c9fdd749>:0 
  at System.Reflection.MethodBase.Invoke (System.Object obj, System.Object[] parameters) [0x00000] in <695d1cc93cca45069c528c15c9fdd749>:0 
  at UnityEditor.EditorAssemblies.ProcessInitializeOnLoadMethodAttributes () [0x00047] in <208f92fc783546f9abbe643bfc23920c>:0 
UnityEngine.StackTraceUtility:ExtractStackTrace ()
UnityEngine.DebugLogHandler:LogFormat (UnityEngine.LogType,UnityEngine.Object,string,object[])
UnityEngine.Logger:Log (UnityEngine.LogType,object)
UnityEngine.Debug:LogError (object)
UnityEditor.EditorAssemblies:ProcessInitializeOnLoadMethodAttributes ()

Mono: successfully reloaded assembly
- Completed reload, in  1.291 seconds
Domain Reload Profiling:
	ReloadAssembly (1291ms)
		BeginReloadAssembly (163ms)
			ExecutionOrderSort (0ms)
			DisableScriptedObjects (8ms)
			BackupInstance (0ms)
			ReleaseScriptingObjects (0ms)
			CreateAndSetChildDomain (38ms)
		EndReloadAssembly (1050ms)
			LoadAssemblies (117ms)
			RebuildTransferFunctionScriptingTraits (0ms)
			SetupTypeCache (310ms)
			ReleaseScriptCaches (1ms)
			RebuildScriptCaches (52ms)
			SetupLoadedEditorAssemblies (350ms)
				LogAssemblyErrors (0ms)
				InitializePlatformSupportModulesInManaged (7ms)
				SetLoadedEditorAssemblies (1ms)
				RefreshPlugins (1ms)
				BeforeProcessingInitializeOnLoad (113ms)
				ProcessInitializeOnLoadAttributes (205ms)
				ProcessInitializeOnLoadMethodAttributes (15ms)
				AfterProcessingInitializeOnLoad (8ms)
				EditorAssembliesLoaded (0ms)
			ExecutionOrderSort2 (0ms)
			AwakeInstancesAfterBackupRestoration (21ms)
Platform modules already initialized, skipping
Switching build target platform(19) subTarget(0) extendedPlatform(0) -> platform(13) subTarget(524294) extendedPlatform(0)
Refreshing native plugins compatible for Editor in 0.88 ms, found 8 plugins.
Preloading 1 native plugins for Editor in 0.11 ms.
Unloading 2787 Unused Serialized files (Serialized files now loaded: 0)
System memory in use before: 131.6 MB.
System memory in use after: 131.8 MB.

Unloading 46 unused Assets to reduce memory usage. Loaded Objects now: 3457.
Total: 4.477700 ms (FindLiveObjects: 0.309100 ms CreateObjectMapping: 0.147900 ms MarkObjects: 3.886200 ms  DeleteObjects: 0.133300 ms)

AssetImportParameters requested are different than current active one (requested -> active):
  custom:framework-win-MediaFoundation: 216162199b28c13a410421893ffa2e32 -> 
  custom:video-decoder-ogg-theora: a1e56fd34408186e4bbccfd4996cb3dc -> 
  custom:container-muxer-webm: aa71ff27fc2769a1b78a27578f13a17b -> 
  custom:container-demuxer-webm: 4f35f7cbe854078d1ac9338744f61a02 -> 
  custom:container-demuxer-ogg: 62fdf1f143b41e24485cea50d1cbac27 -> 
  custom:video-encoder-webm-vp8: eb34c28f22e8b96e1ab97ce403110664 -> 
  custom:video-decoder-webm-vp8: 9c59270c3fd7afecdb556c50c9e8de78 -> 
  custom:graphics/normal-map-encoding: 01000000000000000000000000000000 -> 02000000000000000000000000000000
  custom:audio-decoder-ogg-vorbis: bf7c407c2cedff20999df2af8eb42d56 -> 
  custom:audio-encoder-webm-vorbis: bf7c407c2cedff20999df2af8eb42d56 -> 
========================================================================
Received Import Request.
  Time since last request: 134.581881 seconds.
  path: Assets/New Terrain 5.asset
  artifactKey: Guid(9bdb129873d6e4644af64af7809cc420) Importer(815301076,1909f56bfc062723c751e8b465ee728b)
Start importing Assets/New Terrain 5.asset using Guid(9bdb129873d6e4644af64af7809cc420) Importer(815301076,1909f56bfc062723c751e8b465ee728b)  -> (artifact id: 'ffa64ef361d824c2d4b47ebea721b8fa') in 0.137204 seconds 
  Import took 0.145301 seconds .

========================================================================
Received Import Request.
  Time since last request: 0.000398 seconds.
  path: Assets/New Terrain.asset
  artifactKey: Guid(ad27eee19a10c7a47bc54ae81c983cc3) Importer(815301076,1909f56bfc062723c751e8b465ee728b)
Start importing Assets/New Terrain.asset using Guid(ad27eee19a10c7a47bc54ae81c983cc3) Importer(815301076,1909f56bfc062723c751e8b465ee728b)  -> (artifact id: '99c7864469a1a4829f8278a8b5b410e0') in 0.017395 seconds 
  Import took 0.024889 seconds .

========================================================================
Received Import Request.
  Time since last request: 26.195341 seconds.
  path: Assets/Mats/gingerbread_house.mat
  artifactKey: Guid(87315a4ddfe521840900cf72904a816b) Importer(815301076,1909f56bfc062723c751e8b465ee728b)
Start importing Assets/Mats/gingerbread_house.mat using Guid(87315a4ddfe521840900cf72904a816b) Importer(815301076,1909f56bfc062723c751e8b465ee728b)  -> (artifact id: 'f3d1f9fc1b5b7e3882d9ed51cf56861e') in 0.178098 seconds 
  Import took 0.184093 seconds .

========================================================================
Received Import Request.
  Time since last request: 21.071930 seconds.
  path: Assets/materials/Pictures/breadtexture.jpg
  artifactKey: Guid(62499fb898bad1243bdc85ee74462fe1) Importer(815301076,1909f56bfc062723c751e8b465ee728b)
Start importing Assets/materials/Pictures/breadtexture.jpg using Guid(62499fb898bad1243bdc85ee74462fe1) Importer(815301076,1909f56bfc062723c751e8b465ee728b)  -> (artifact id: '18d95458ad60df1e236d98f3822f64b4') in 0.047063 seconds 
  Import took 0.054264 seconds .

========================================================================
Received Import Request.
  Time since last request: 23.282714 seconds.
  path: Assets/Mats/gingerbread_house.mat
  artifactKey: Guid(87315a4ddfe521840900cf72904a816b) Importer(815301076,1909f56bfc062723c751e8b465ee728b)
Start importing Assets/Mats/gingerbread_house.mat using Guid(87315a4ddfe521840900cf72904a816b) Importer(815301076,1909f56bfc062723c751e8b465ee728b)  -> (artifact id: '5c534581e8a97938ca224e98dcb3f93e') in 0.020990 seconds 
  Import took 0.026925 seconds .

========================================================================
Received Import Request.
  Time since last request: 0.000242 seconds.
  path: Assets/Mats/New Material 2.mat
  artifactKey: Guid(fb012560173d6824588bd0a832d9b867) Importer(815301076,1909f56bfc062723c751e8b465ee728b)
Start importing Assets/Mats/New Material 2.mat using Guid(fb012560173d6824588bd0a832d9b867) Importer(815301076,1909f56bfc062723c751e8b465ee728b)  -> (artifact id: '01a8ce14b9128d5dc92f3401315c42a6') in 0.016117 seconds 
  Import took 0.022785 seconds .

========================================================================
Received Import Request.
  Time since last request: 83.845836 seconds.
  path: Assets/materials/Pictures/gingerbread_texture2.jpg
  artifactKey: Guid(f7908a444bb96bf40aeb0ea04129e101) Importer(815301076,1909f56bfc062723c751e8b465ee728b)
Start importing Assets/materials/Pictures/gingerbread_texture2.jpg using Guid(f7908a444bb96bf40aeb0ea04129e101) Importer(815301076,1909f56bfc062723c751e8b465ee728b)  -> (artifact id: 'c8846ee140449ee7ac9df3136a3ebeab') in 0.027665 seconds 
  Import took 0.035577 seconds .

========================================================================
Received Import Request.
  Time since last request: 10.433640 seconds.
  path: Assets/materials/Pictures/Material/bacon.mat
  artifactKey: Guid(1189b4dd4d89947a5abb16868aec9341) Importer(815301076,1909f56bfc062723c751e8b465ee728b)
Start importing Assets/materials/Pictures/Material/bacon.mat using Guid(1189b4dd4d89947a5abb16868aec9341) Importer(815301076,1909f56bfc062723c751e8b465ee728b)  -> (artifact id: '0113e2394c72a62f0354977496f7d147') in 0.024524 seconds 
  Import took 0.031771 seconds .

========================================================================
Received Import Request.
  Time since last request: 0.000409 seconds.
  path: Assets/materials/Pictures/Material/New Material 6.mat
  artifactKey: Guid(59b76a71ad795f6449d08da7befb00be) Importer(815301076,1909f56bfc062723c751e8b465ee728b)
Start importing Assets/materials/Pictures/Material/New Material 6.mat using Guid(59b76a71ad795f6449d08da7befb00be) Importer(815301076,1909f56bfc062723c751e8b465ee728b)  -> (artifact id: 'fbb3a7c80e6d0d78af1862f856818277') in 0.021687 seconds 
  Import took 0.030469 seconds .

========================================================================
Received Import Request.
  Time since last request: 0.000291 seconds.
  path: Assets/materials/Pictures/Material/lali_texture2.mat
  artifactKey: Guid(0e5eceadb6647e04b8fb570f1d36c39e) Importer(815301076,1909f56bfc062723c751e8b465ee728b)
Start importing Assets/materials/Pictures/Material/lali_texture2.mat using Guid(0e5eceadb6647e04b8fb570f1d36c39e) Importer(815301076,1909f56bfc062723c751e8b465ee728b)  -> (artifact id: '17f2c6aad43e9025cffeb404ed1c81c3') in 0.038506 seconds 
  Import took 0.045298 seconds .

========================================================================
Received Import Request.
  Time since last request: 0.000314 seconds.
  path: Assets/materials/Pictures/Material/bottombread.mat
  artifactKey: Guid(025387a6b595bcf4785a74d137353e72) Importer(815301076,1909f56bfc062723c751e8b465ee728b)
Start importing Assets/materials/Pictures/Material/bottombread.mat using Guid(025387a6b595bcf4785a74d137353e72) Importer(815301076,1909f56bfc062723c751e8b465ee728b)  -> (artifact id: '4a4f0837226275367f7c17702ba7829b') in 0.019643 seconds 
  Import took 0.025433 seconds .

========================================================================
Received Import Request.
  Time since last request: 0.000277 seconds.
  path: Assets/materials/Pictures/Material/New Material 5.mat
  artifactKey: Guid(5cb3b6db24b3df341924123792e7f2f6) Importer(815301076,1909f56bfc062723c751e8b465ee728b)
Start importing Assets/materials/Pictures/Material/New Material 5.mat using Guid(5cb3b6db24b3df341924123792e7f2f6) Importer(815301076,1909f56bfc062723c751e8b465ee728b)  -> (artifact id: 'f0be1aad42748a97ce868f2570362773') in 0.016996 seconds 
  Import took 0.023915 seconds .

========================================================================
Received Import Request.
  Time since last request: 0.000308 seconds.
  path: Assets/materials/Pictures/Material/cone.mat
  artifactKey: Guid(5b1b30ad48966034197fd647d7ae80e2) Importer(815301076,1909f56bfc062723c751e8b465ee728b)
Start importing Assets/materials/Pictures/Material/cone.mat using Guid(5b1b30ad48966034197fd647d7ae80e2) Importer(815301076,1909f56bfc062723c751e8b465ee728b)  -> (artifact id: '94f6d170a57b9e4de8bb7cd293ae3bdf') in 0.034621 seconds 
  Import took 0.040537 seconds .

========================================================================
Received Import Request.
  Time since last request: 0.000239 seconds.
  path: Assets/materials/Pictures/Material/meat.mat
  artifactKey: Guid(76d87e5c2ac1146a599257084bfedaaf) Importer(815301076,1909f56bfc062723c751e8b465ee728b)
Start importing Assets/materials/Pictures/Material/meat.mat using Guid(76d87e5c2ac1146a599257084bfedaaf) Importer(815301076,1909f56bfc062723c751e8b465ee728b)  -> (artifact id: '594c69644731d8dfd6a75df9f88808c5') in 0.019773 seconds 
  Import took 0.026467 seconds .

========================================================================
Received Import Request.
  Time since last request: 0.000265 seconds.
  path: Assets/materials/Pictures/Material/bread.mat
  artifactKey: Guid(0020f0242e52c496b831a3c5d48d7f24) Importer(815301076,1909f56bfc062723c751e8b465ee728b)
Start importing Assets/materials/Pictures/Material/bread.mat using Guid(0020f0242e52c496b831a3c5d48d7f24) Importer(815301076,1909f56bfc062723c751e8b465ee728b)  -> (artifact id: '9ee9828442a12cad984459b07942c432') in 0.018744 seconds 
  Import took 0.025449 seconds .

========================================================================
Received Import Request.
  Time since last request: 0.000242 seconds.
  path: Assets/materials/Pictures/Material/CottonCandy.mat
  artifactKey: Guid(344c712bea5a89b41b96d4996b30043b) Importer(815301076,1909f56bfc062723c751e8b465ee728b)
Start importing Assets/materials/Pictures/Material/CottonCandy.mat using Guid(344c712bea5a89b41b96d4996b30043b) Importer(815301076,1909f56bfc062723c751e8b465ee728b)  -> (artifact id: '36fb1cddd584cc898799df64bdaae318') in 0.019508 seconds 
  Import took 0.026436 seconds .

========================================================================
Received Import Request.
  Time since last request: 0.000293 seconds.
  path: Assets/materials/Pictures/Material/canycanetexture1.mat
  artifactKey: Guid(e1bfd42ed38e3b74e88600e193daf0f9) Importer(815301076,1909f56bfc062723c751e8b465ee728b)
Start importing Assets/materials/Pictures/Material/canycanetexture1.mat using Guid(e1bfd42ed38e3b74e88600e193daf0f9) Importer(815301076,1909f56bfc062723c751e8b465ee728b)  -> (artifact id: 'a7606c46bd2094c7966f12da4c5af009') in 0.031241 seconds 
  Import took 0.038487 seconds .

========================================================================
Received Import Request.
  Time since last request: 0.000297 seconds.
  path: Assets/materials/Pictures/Material/candycanetexture2.mat
  artifactKey: Guid(b87d055cd0abf5d4384b53bcfa1e136c) Importer(815301076,1909f56bfc062723c751e8b465ee728b)
Start importing Assets/materials/Pictures/Material/candycanetexture2.mat using Guid(b87d055cd0abf5d4384b53bcfa1e136c) Importer(815301076,1909f56bfc062723c751e8b465ee728b)  -> (artifact id: 'b89118e71271d47e738edc7ac83f6037') in 0.021344 seconds 
  Import took 0.029556 seconds .

========================================================================
Received Import Request.
  Time since last request: 0.000297 seconds.
  path: Assets/materials/Pictures/Material/lali_texture1.mat
  artifactKey: Guid(e6adf3b079adfc343b93571074253c76) Importer(815301076,1909f56bfc062723c751e8b465ee728b)
Start importing Assets/materials/Pictures/Material/lali_texture1.mat using Guid(e6adf3b079adfc343b93571074253c76) Importer(815301076,1909f56bfc062723c751e8b465ee728b)  -> (artifact id: 'ce7c3288a8eddceae557a22e9627b59f') in 0.023473 seconds 
  Import took 0.030620 seconds .

========================================================================
Received Import Request.
  Time since last request: 0.000289 seconds.
  path: Assets/materials/Pictures/Material/lettus.mat
  artifactKey: Guid(d7c64add91897471099a47b1da33f0c5) Importer(815301076,1909f56bfc062723c751e8b465ee728b)
Start importing Assets/materials/Pictures/Material/lettus.mat using Guid(d7c64add91897471099a47b1da33f0c5) Importer(815301076,1909f56bfc062723c751e8b465ee728b)  -> (artifact id: 'e4b3ce162eff6a1f5102e1b15ac27782') in 0.022756 seconds 
  Import took 0.029681 seconds .

========================================================================
Received Import Request.
  Time since last request: 1.142043 seconds.
  path: Assets/materials/Pictures/Material/New Material.mat
  artifactKey: Guid(9eff0b4b80047d64b9ba621c9b587d15) Importer(815301076,1909f56bfc062723c751e8b465ee728b)
Start importing Assets/materials/Pictures/Material/New Material.mat using Guid(9eff0b4b80047d64b9ba621c9b587d15) Importer(815301076,1909f56bfc062723c751e8b465ee728b)  -> (artifact id: '59625f0486a2b66e3cdde63bc90696cc') in 0.040073 seconds 
  Import took 0.045861 seconds .

========================================================================
Received Import Request.
  Time since last request: 0.000309 seconds.
  path: Assets/materials/Pictures/Material/sidewalk .prefab
  artifactKey: Guid(853dfbb05c3ba9846bd3a32aa2561bf8) Importer(815301076,1909f56bfc062723c751e8b465ee728b)
Start importing Assets/materials/Pictures/Material/sidewalk .prefab using Guid(853dfbb05c3ba9846bd3a32aa2561bf8) Importer(815301076,1909f56bfc062723c751e8b465ee728b)  -> (artifact id: 'e5f7f6ca8c422634e2b842c89213538f') in 0.038473 seconds 
  Import took 0.044444 seconds .

========================================================================
Received Import Request.
  Time since last request: 0.000301 seconds.
  path: Assets/materials/Pictures/Material/pink.mat
  artifactKey: Guid(5901c53c93f90784fa35297610ebc1f7) Importer(815301076,1909f56bfc062723c751e8b465ee728b)
Start importing Assets/materials/Pictures/Material/pink.mat using Guid(5901c53c93f90784fa35297610ebc1f7) Importer(815301076,1909f56bfc062723c751e8b465ee728b)  -> (artifact id: '75fe4c1ca7aceed531936607d43d4b92') in 0.019350 seconds 
  Import took 0.025371 seconds .

========================================================================
Received Import Request.
  Time since last request: 0.000438 seconds.
  path: Assets/materials/Pictures/Material/union.mat
  artifactKey: Guid(c6bce8c1cc5020d4eac273bcd86abde0) Importer(815301076,1909f56bfc062723c751e8b465ee728b)
Start importing Assets/materials/Pictures/Material/union.mat using Guid(c6bce8c1cc5020d4eac273bcd86abde0) Importer(815301076,1909f56bfc062723c751e8b465ee728b)  -> (artifact id: '1e8551b277f8571f96d18a1c5205fb9b') in 0.019243 seconds 
  Import took 0.027437 seconds .

========================================================================
Received Import Request.
  Time since last request: 0.000347 seconds.
  path: Assets/materials/Pictures/Material/ube.mat
  artifactKey: Guid(ac78a1c79bb244e569e7062ae56abc51) Importer(815301076,1909f56bfc062723c751e8b465ee728b)
Start importing Assets/materials/Pictures/Material/ube.mat using Guid(ac78a1c79bb244e569e7062ae56abc51) Importer(815301076,1909f56bfc062723c751e8b465ee728b)  -> (artifact id: 'b2dd6e14cd28a6e899cfc0390bd3106c') in 0.034461 seconds 
  Import took 0.040032 seconds .

========================================================================
Received Import Request.
  Time since last request: 0.000274 seconds.
  path: Assets/materials/Pictures/Material/pizza.mat
  artifactKey: Guid(60ffa4ebb3c1dd24b880faa3a6519553) Importer(815301076,1909f56bfc062723c751e8b465ee728b)
Start importing Assets/materials/Pictures/Material/pizza.mat using Guid(60ffa4ebb3c1dd24b880faa3a6519553) Importer(815301076,1909f56bfc062723c751e8b465ee728b)  -> (artifact id: 'f11659e1eb27b6827fc8ced62499ab54') in 0.035266 seconds 
  Import took 0.041970 seconds .

========================================================================
Received Import Request.
  Time since last request: 0.000291 seconds.
  path: Assets/materials/Pictures/Material/red.mat
  artifactKey: Guid(09c55c13e7945d841b907dda7d62ed63) Importer(815301076,1909f56bfc062723c751e8b465ee728b)
Start importing Assets/materials/Pictures/Material/red.mat using Guid(09c55c13e7945d841b907dda7d62ed63) Importer(815301076,1909f56bfc062723c751e8b465ee728b)  -> (artifact id: '84ef9fe91ef7defdf393cd03f7239a50') in 0.019413 seconds 
  Import took 0.026501 seconds .

========================================================================
Received Import Request.
  Time since last request: 0.000276 seconds.
  path: Assets/materials/Pictures/Material/pizza texture.jpg
  artifactKey: Guid(912e6169f5eb14e4fac157ad52b3e8c7) Importer(815301076,1909f56bfc062723c751e8b465ee728b)
Start importing Assets/materials/Pictures/Material/pizza texture.jpg using Guid(912e6169f5eb14e4fac157ad52b3e8c7) Importer(815301076,1909f56bfc062723c751e8b465ee728b)  -> (artifact id: 'c4dfb4d192955f8fd7cf0ab03cd2efd3') in 0.018981 seconds 
  Import took 0.025684 seconds .

========================================================================
Received Import Request.
  Time since last request: 0.709217 seconds.
  path: Assets/materials/Pictures/Material/white.mat
  artifactKey: Guid(4d0e71f22f945ff419a3d5fb57207269) Importer(815301076,1909f56bfc062723c751e8b465ee728b)
Start importing Assets/materials/Pictures/Material/white.mat using Guid(4d0e71f22f945ff419a3d5fb57207269) Importer(815301076,1909f56bfc062723c751e8b465ee728b)  -> (artifact id: '20f500d832a24dc879202f660deb895a') in 0.017520 seconds 
  Import took 0.026031 seconds .

========================================================================
Received Import Request.
  Time since last request: 1975.690275 seconds.
  path: Assets/materials/Pictures/Material/New Material 1.mat
  artifactKey: Guid(3e681ff28d7ead6418b6cc191d0a2522) Importer(815301076,1909f56bfc062723c751e8b465ee728b)
Start importing Assets/materials/Pictures/Material/New Material 1.mat using Guid(3e681ff28d7ead6418b6cc191d0a2522) Importer(815301076,1909f56bfc062723c751e8b465ee728b)  -> (artifact id: 'c523780477322fea49ea21041efcd359') in 0.041634 seconds 
  Import took 0.051338 seconds .

========================================================================
Received Import Request.
  Time since last request: 978.682800 seconds.
  path: Assets/materials/Pictures/Material/AdobeStock_208955943-1.jpg
  artifactKey: Guid(be2382c8bbf0552429752e41dca5bbf4) Importer(815301076,1909f56bfc062723c751e8b465ee728b)
Start importing Assets/materials/Pictures/Material/AdobeStock_208955943-1.jpg using Guid(be2382c8bbf0552429752e41dca5bbf4) Importer(815301076,1909f56bfc062723c751e8b465ee728b)  -> (artifact id: 'f68d86db7df536b499b7475cad6276b1') in 0.088281 seconds 
  Import took 0.100271 seconds .

========================================================================
Received Import Request.
  Time since last request: 6.134892 seconds.
  path: Assets/materials/Pictures/Material/vanilla.mat
  artifactKey: Guid(1c52020e6b994764e8cb9c03b98c090d) Importer(815301076,1909f56bfc062723c751e8b465ee728b)
Start importing Assets/materials/Pictures/Material/vanilla.mat using Guid(1c52020e6b994764e8cb9c03b98c090d) Importer(815301076,1909f56bfc062723c751e8b465ee728b)  -> (artifact id: 'c6c45a5ed2d06b078e84d77069f9ddf6') in 0.029826 seconds 
  Import took 0.041754 seconds .

========================================================================
Received Import Request.
  Time since last request: 174.808026 seconds.
  path: Assets/materials/Pictures/Material/vanilla.mat
  artifactKey: Guid(1c52020e6b994764e8cb9c03b98c090d) Importer(815301076,1909f56bfc062723c751e8b465ee728b)
Start importing Assets/materials/Pictures/Material/vanilla.mat using Guid(1c52020e6b994764e8cb9c03b98c090d) Importer(815301076,1909f56bfc062723c751e8b465ee728b)  -> (artifact id: '5c7c49701baf7de4ece1aca4a5a72dfc') in 0.056660 seconds 
  Import took 0.068449 seconds .

========================================================================
Received Import Request.
  Time since last request: 26.052423 seconds.
  path: Assets/Scenes/Materials/1Story_Mat.blend
  artifactKey: Guid(d944cacec7ed08b4d9717e3cc15f40ce) Importer(815301076,1909f56bfc062723c751e8b465ee728b)
Start importing Assets/Scenes/Materials/1Story_Mat.blend using Guid(d944cacec7ed08b4d9717e3cc15f40ce) Importer(815301076,1909f56bfc062723c751e8b465ee728b)  -> (artifact id: '095a96dc57c64a82f7c0c68685b11238') in 0.248182 seconds 
  Import took 0.259434 seconds .

========================================================================
Received Import Request.
  Time since last request: 187.188496 seconds.
  path: Assets/materials/Pictures/gettyimages-155370239-170667a.jpg
  artifactKey: Guid(9af77cbe449a97448b76488c36d33d13) Importer(815301076,1909f56bfc062723c751e8b465ee728b)
Start importing Assets/materials/Pictures/gettyimages-155370239-170667a.jpg using Guid(9af77cbe449a97448b76488c36d33d13) Importer(815301076,1909f56bfc062723c751e8b465ee728b)  -> (artifact id: '1bcd7694ce11ebbc97354c1018dc4d32') in 0.034109 seconds 
  Import took 0.044953 seconds .

========================================================================
Received Import Request.
  Time since last request: 4.044689 seconds.
  path: Assets/XR/Settings/Open XR Package Settings.asset
  artifactKey: Guid(1711979a96045874cb0be982ff77b6f6) Importer(815301076,1909f56bfc062723c751e8b465ee728b)
Start importing Assets/XR/Settings/Open XR Package Settings.asset using Guid(1711979a96045874cb0be982ff77b6f6) Importer(815301076,1909f56bfc062723c751e8b465ee728b)  -> (artifact id: '3613d55ba55c7add7f71a2fee9b527b7') in 0.029640 seconds 
  Import took 0.040437 seconds .

========================================================================
Received Import Request.
  Time since last request: 6.201482 seconds.
  path: Assets/ADG_Textures/ground_vol1/ground1/ground1_Ambient_Occlusion.tga
  artifactKey: Guid(c1bc467cfaaedf540b3910d72cb62cb8) Importer(815301076,1909f56bfc062723c751e8b465ee728b)
Start importing Assets/ADG_Textures/ground_vol1/ground1/ground1_Ambient_Occlusion.tga using Guid(c1bc467cfaaedf540b3910d72cb62cb8) Importer(815301076,1909f56bfc062723c751e8b465ee728b)  -> (artifact id: 'ffa2c04e536e273c8d17837a5274ee93') in 0.060095 seconds 
  Import took 0.068911 seconds .

========================================================================
Received Import Request.
  Time since last request: 0.000453 seconds.
  path: Assets/ADG_Textures/ground_vol1/ground1/ground1_Diffuse.tga
  artifactKey: Guid(eacec9cd0f31ea04b82121877a6cccaa) Importer(815301076,1909f56bfc062723c751e8b465ee728b)
Start importing Assets/ADG_Textures/ground_vol1/ground1/ground1_Diffuse.tga using Guid(eacec9cd0f31ea04b82121877a6cccaa) Importer(815301076,1909f56bfc062723c751e8b465ee728b)  -> (artifact id: '79eeb9a9c67fde56ef89f9ad8b5cdd27') in 0.042785 seconds 
  Import took 0.054742 seconds .

========================================================================
Received Import Request.
  Time since last request: 104.365028 seconds.
  path: Assets/materials/Pictures/vanilla.jpg
  artifactKey: Guid(266cd11753225424bb0907eea4914d67) Importer(815301076,1909f56bfc062723c751e8b465ee728b)
Start importing Assets/materials/Pictures/vanilla.jpg using Guid(266cd11753225424bb0907eea4914d67) Importer(815301076,1909f56bfc062723c751e8b465ee728b)  -> (artifact id: '53523c30a0203347b23acaee6b7afbd9') in 0.028199 seconds 
  Import took 0.041736 seconds .

========================================================================
Received Import Request.
  Time since last request: 3.741358 seconds.
  path: Assets/BOXOPHOBIC/Skybox Cubemap Extended/Demo/Materials/Polyverse Skies - Blue Sky.mat
  artifactKey: Guid(2e9a7c063c4f57847ad434366e959746) Importer(815301076,1909f56bfc062723c751e8b465ee728b)
Start importing Assets/BOXOPHOBIC/Skybox Cubemap Extended/Demo/Materials/Polyverse Skies - Blue Sky.mat using Guid(2e9a7c063c4f57847ad434366e959746) Importer(815301076,1909f56bfc062723c751e8b465ee728b)  -> (artifact id: 'c0bbf66a2eae69fd8451ade9aed9270a') in 0.456031 seconds 
  Import took 0.479070 seconds .

========================================================================
Received Import Request.
  Time since last request: 0.000435 seconds.
  path: Assets/BOXOPHOBIC/Skybox Cubemap Extended/Demo/Materials/Polyverse Skies - Night Sky.mat
  artifactKey: Guid(c3112fe18153b0540bbc1c265f9e7d04) Importer(815301076,1909f56bfc062723c751e8b465ee728b)
Start importing Assets/BOXOPHOBIC/Skybox Cubemap Extended/Demo/Materials/Polyverse Skies - Night Sky.mat using Guid(c3112fe18153b0540bbc1c265f9e7d04) Importer(815301076,1909f56bfc062723c751e8b465ee728b)  -> (artifact id: '33d1602229011b9a6dc09e8f70e4ce93') in 0.153005 seconds 
  Import took 0.169674 seconds .

========================================================================
Received Import Request.
  Time since last request: 972.066834 seconds.
  path: Assets/Prefabs/GingerbreadManFBX.zip
  artifactKey: Guid(0cdd779be05ac4c4babad97c8c4f964a) Importer(815301076,1909f56bfc062723c751e8b465ee728b)
Start importing Assets/Prefabs/GingerbreadManFBX.zip using Guid(0cdd779be05ac4c4babad97c8c4f964a) Importer(815301076,1909f56bfc062723c751e8b465ee728b)  -> (artifact id: '7cc4479593670f2fc698be2843247464') in 0.025358 seconds 
  Import took 0.036581 seconds .

========================================================================
Received Import Request.
  Time since last request: 170.064845 seconds.
  path: Assets/Prefabs/GingerbreadManFBX.fbx
  artifactKey: Guid(c2a0fad05a4d51d4c859652dbc2a8974) Importer(815301076,1909f56bfc062723c751e8b465ee728b)
Start importing Assets/Prefabs/GingerbreadManFBX.fbx using Guid(c2a0fad05a4d51d4c859652dbc2a8974) Importer(815301076,1909f56bfc062723c751e8b465ee728b)  -> (artifact id: 'bfb71b28783e96b0a1487c367d121176') in 0.443735 seconds 
  Import took 0.455843 seconds .

========================================================================
Received Import Request.
  Time since last request: 91.964543 seconds.
  path: Assets/materials/Pictures/Material/union.mat
  artifactKey: Guid(c6bce8c1cc5020d4eac273bcd86abde0) Importer(815301076,1909f56bfc062723c751e8b465ee728b)
Start importing Assets/materials/Pictures/Material/union.mat using Guid(c6bce8c1cc5020d4eac273bcd86abde0) Importer(815301076,1909f56bfc062723c751e8b465ee728b)  -> (artifact id: 'e51c799e45ccbaa3052c91814420d539') in 0.026984 seconds 
  Import took 0.038161 seconds .

========================================================================
Received Import Request.
  Time since last request: 0.000397 seconds.
  path: Assets/materials/Pictures/Material/vanilla.mat
  artifactKey: Guid(1c52020e6b994764e8cb9c03b98c090d) Importer(815301076,1909f56bfc062723c751e8b465ee728b)
Start importing Assets/materials/Pictures/Material/vanilla.mat using Guid(1c52020e6b994764e8cb9c03b98c090d) Importer(815301076,1909f56bfc062723c751e8b465ee728b)  -> (artifact id: '6a34debef78fc40836699f9acce41187') in 0.030464 seconds 
  Import took 0.041314 seconds .

========================================================================
Received Import Request.
  Time since last request: 186.211390 seconds.
  path: Assets/materials/Pictures/Material/whiteest.mat
  artifactKey: Guid(4d0e71f22f945ff419a3d5fb57207269) Importer(815301076,1909f56bfc062723c751e8b465ee728b)
Start importing Assets/materials/Pictures/Material/whiteest.mat using Guid(4d0e71f22f945ff419a3d5fb57207269) Importer(815301076,1909f56bfc062723c751e8b465ee728b)  -> (artifact id: 'da92ea3aade2855ed680adb562fafe67') in 0.027096 seconds 
  Import took 0.039506 seconds .

========================================================================
Received Import Request.
  Time since last request: 893.566805 seconds.
  path: Assets/New Terrain.asset
  artifactKey: Guid(ad27eee19a10c7a47bc54ae81c983cc3) Importer(815301076,1909f56bfc062723c751e8b465ee728b)
Start importing Assets/New Terrain.asset using Guid(ad27eee19a10c7a47bc54ae81c983cc3) Importer(815301076,1909f56bfc062723c751e8b465ee728b)  -> (artifact id: '1fe5e7af4fae8602bd2c62b1d86c9639') in 0.025028 seconds 
  Import took 0.036211 seconds .

